[33mCMake Warning (dev) at /opt/ros/foxy/share/ament_cmake_core/cmake/core/python.cmake:22 (find_package):
  Policy CMP0148 is not set: The FindPythonInterp and FindPythonLibs modules
  are removed.  Run "cmake --help-policy CMP0148" for policy details.  Use
  the cmake_policy command to set the policy and suppress this warning.

Call Stack (most recent call first):
  /opt/ros/foxy/share/ament_cmake_core/cmake/core/all.cmake:53 (include)
  /opt/ros/foxy/share/ament_cmake_core/cmake/ament_cmake_core-extras.cmake:17 (include)
  /opt/ros/foxy/share/ament_cmake_core/cmake/ament_cmake_coreConfig.cmake:41 (include)
  /opt/ros/foxy/share/ament_cmake/cmake/ament_cmake_export_dependencies-extras.cmake:15 (find_package)
  /opt/ros/foxy/share/ament_cmake/cmake/ament_cmakeConfig.cmake:41 (include)
  CMakeLists.txt:20 (find_package)
This warning is for project developers.  Use -Wno-dev to suppress it.
[0m
[33mCMake Warning (dev) at /usr/local/lib/cmake/opencv4/OpenCVConfig.cmake:86 (find_package):
  Policy CMP0146 is not set: The FindCUDA module is removed.  Run "cmake
  --help-policy CMP0146" for policy details.  Use the cmake_policy command to
  set the policy and suppress this warning.

Call Stack (most recent call first):
  /usr/local/lib/cmake/opencv4/OpenCVConfig.cmake:108 (find_host_package)
  /opt/ros/foxy/share/cv_bridge/cmake/ament_cmake_export_dependencies-extras.cmake:21 (find_package)
  /opt/ros/foxy/share/cv_bridge/cmake/cv_bridgeConfig.cmake:41 (include)
  CMakeLists.txt:23 (find_package)
This warning is for project developers.  Use -Wno-dev to suppress it.
[0m
In file included from [01m[K/home/mingtao/sentinel_ros2_ws/sentinel_ros/src/DecodePacket.cpp:1[m[K:
[01m[K/home/mingtao/sentinel_ros2_ws/sentinel_ros/include/DecodePacket.h:[m[K In constructor ‘[01m[KDecodePacket::DecodePacket(FrameBuffer&, Device&, size_t)[m[K’:
[01m[K/home/mingtao/sentinel_ros2_ws/sentinel_ros/include/DecodePacket.h:163:13:[m[K [01;35m[Kwarning: [m[K‘[01m[KDecodePacket::device_[m[K’ will be initialized after [[01;35m[K-Wreorder[m[K]
  163 |     Device& [01;35m[Kdevice_[m[K;
      |             [01;35m[K^~~~~~~[m[K
[01m[K/home/mingtao/sentinel_ros2_ws/sentinel_ros/include/DecodePacket.h:161:12:[m[K [01;35m[Kwarning: [m[K  ‘[01m[Ksize_t DecodePacket::frame_total_size_[m[K’ [[01;35m[K-Wreorder[m[K]
  161 |     size_t [01;35m[Kframe_total_size_[m[K;
      |            [01;35m[K^~~~~~~~~~~~~~~~~[m[K
[01m[K/home/mingtao/sentinel_ros2_ws/sentinel_ros/src/DecodePacket.cpp:8:1:[m[K [01;35m[Kwarning: [m[K  when initialized here [[01;35m[K-Wreorder[m[K]
    8 | [01;35m[KDecodePacket[m[K::DecodePacket(FrameBuffer& frameBuffer, Device& device, size_t frame_total_size)
      | [01;35m[K^~~~~~~~~~~~[m[K
[01m[K/home/mingtao/sentinel_ros2_ws/sentinel_ros/src/DecodePacket.cpp:[m[K In member function ‘[01m[Kvoid DecodePacket::decodeWorker()[m[K’:
[01m[K/home/mingtao/sentinel_ros2_ws/sentinel_ros/src/DecodePacket.cpp:171:23:[m[K [01;35m[Kwarning: [m[Kcomparison of integer expressions of different signedness: ‘[01m[Kint[m[K’ and ‘[01m[Ksize_t[m[K’ {aka ‘[01m[Klong unsigned int[m[K’} [[01;35m[K-Wsign-compare[m[K]
  171 |         while ([01;35m[Koffset < frameLen[m[K){
      |                [01;35m[K~~~~~~~^~~~~~~~~~[m[K
/usr/bin/ld: warning: libopencv_imgproc.so.4.2, needed by /opt/ros/foxy/lib/libcv_bridge.so, may conflict with libopencv_imgproc.so.406
/usr/bin/ld: warning: libopencv_core.so.4.2, needed by /opt/ros/foxy/lib/libcv_bridge.so, may conflict with libopencv_core.so.406
