-- The CXX compiler identification is GNU 9.4.0
-- Detecting CXX compiler ABI info
-- Detecting CXX compiler ABI info - done
-- Check for working CXX compiler: /usr/bin/c++ - skipped
-- Detecting CXX compile features
-- Detecting CXX compile features - done
-- Found ament_cmake: 0.9.12 (/opt/ros/foxy/share/ament_cmake/cmake)
[33mCMake Warning (dev) at /opt/ros/foxy/share/ament_cmake_core/cmake/core/python.cmake:22 (find_package):
  Policy CMP0148 is not set: The FindPythonInterp and FindPythonLibs modules
  are removed.  Run "cmake --help-policy CMP0148" for policy details.  Use
  the cmake_policy command to set the policy and suppress this warning.

Call Stack (most recent call first):
  /opt/ros/foxy/share/ament_cmake_core/cmake/core/all.cmake:53 (include)
  /opt/ros/foxy/share/ament_cmake_core/cmake/ament_cmake_core-extras.cmake:17 (include)
  /opt/ros/foxy/share/ament_cmake_core/cmake/ament_cmake_coreConfig.cmake:41 (include)
  /opt/ros/foxy/share/ament_cmake/cmake/ament_cmake_export_dependencies-extras.cmake:15 (find_package)
  /opt/ros/foxy/share/ament_cmake/cmake/ament_cmakeConfig.cmake:41 (include)
  CMakeLists.txt:20 (find_package)
This warning is for project developers.  Use -Wno-dev to suppress it.
[0m
-- Found PythonInterp: /usr/bin/python3 (found suitable version "3.8.10", minimum required is "3") 
-- Using PYTHON_EXECUTABLE: /usr/bin/python3
-- Override CMake install command with custom implementation using symlinks instead of copying resources
-- Found rclcpp: 2.4.3 (/opt/ros/foxy/share/rclcpp/cmake)
-- Using all available rosidl_typesupport_c: rosidl_typesupport_fastrtps_c;rosidl_typesupport_introspection_c
-- Found rosidl_adapter: 1.3.1 (/opt/ros/foxy/share/rosidl_adapter/cmake)
-- Found OpenSSL: /usr/lib/x86_64-linux-gnu/libcrypto.so (found version "1.1.1f")  
-- Found FastRTPS: /opt/ros/foxy/include  
-- Using all available rosidl_typesupport_cpp: rosidl_typesupport_fastrtps_cpp;rosidl_typesupport_introspection_cpp
-- Found rmw_implementation_cmake: 1.0.4 (/opt/ros/foxy/share/rmw_implementation_cmake/cmake)
-- Using RMW implementation 'rmw_fastrtps_cpp' as default
-- Performing Test CMAKE_HAVE_LIBC_PTHREAD
-- Performing Test CMAKE_HAVE_LIBC_PTHREAD - Success
-- Found Threads: TRUE  
-- Found sensor_msgs: 2.0.5 (/opt/ros/foxy/share/sensor_msgs/cmake)
-- Found cv_bridge: 3.0.7 (/opt/ros/foxy/share/cv_bridge/cmake)
[33mCMake Warning (dev) at /usr/local/lib/cmake/opencv4/OpenCVConfig.cmake:86 (find_package):
  Policy CMP0146 is not set: The FindCUDA module is removed.  Run "cmake
  --help-policy CMP0146" for policy details.  Use the cmake_policy command to
  set the policy and suppress this warning.

Call Stack (most recent call first):
  /usr/local/lib/cmake/opencv4/OpenCVConfig.cmake:108 (find_host_package)
  /opt/ros/foxy/share/cv_bridge/cmake/ament_cmake_export_dependencies-extras.cmake:21 (find_package)
  /opt/ros/foxy/share/cv_bridge/cmake/cv_bridgeConfig.cmake:41 (include)
  CMakeLists.txt:23 (find_package)
This warning is for project developers.  Use -Wno-dev to suppress it.
[0m
-- Found CUDA: /usr/local/cuda (found suitable exact version "11.8") 
-- Found image_transport: 2.4.0 (/opt/ros/foxy/share/image_transport/cmake)
-- Found OpenCV: /usr/local (found version "4.6.0") 
-- Found PkgConfig: /usr/bin/pkg-config (found version "0.29.1") 
-- Checking for module 'libusb-1.0'
--   Found libusb-1.0, version 1.0.23
-- Configuring done (1.2s)
-- Generating done (0.0s)
-- Build files have been written to: /home/mingtao/sentinel_ros2_ws/sentinel_ros/build/sentinel_ros
[ 20%] [32mBuilding CXX object CMakeFiles/sentinel_node.dir/src/sentinel_node.cpp.o[0m
[ 40%] [32mBuilding CXX object CMakeFiles/sentinel_node.dir/src/DecodePacket.cpp.o[0m
[ 60%] [32mBuilding CXX object CMakeFiles/sentinel_node.dir/src/Device.cpp.o[0m
[ 80%] [32mBuilding CXX object CMakeFiles/sentinel_node.dir/src/FrameBuffer.cpp.o[0m
In file included from [01m[K/home/mingtao/sentinel_ros2_ws/sentinel_ros/src/DecodePacket.cpp:1[m[K:
[01m[K/home/mingtao/sentinel_ros2_ws/sentinel_ros/include/DecodePacket.h:[m[K In constructor ‘[01m[KDecodePacket::DecodePacket(FrameBuffer&, Device&, size_t)[m[K’:
[01m[K/home/mingtao/sentinel_ros2_ws/sentinel_ros/include/DecodePacket.h:163:13:[m[K [01;35m[Kwarning: [m[K‘[01m[KDecodePacket::device_[m[K’ will be initialized after [[01;35m[K-Wreorder[m[K]
  163 |     Device& [01;35m[Kdevice_[m[K;
      |             [01;35m[K^~~~~~~[m[K
[01m[K/home/mingtao/sentinel_ros2_ws/sentinel_ros/include/DecodePacket.h:161:12:[m[K [01;35m[Kwarning: [m[K  ‘[01m[Ksize_t DecodePacket::frame_total_size_[m[K’ [[01;35m[K-Wreorder[m[K]
  161 |     size_t [01;35m[Kframe_total_size_[m[K;
      |            [01;35m[K^~~~~~~~~~~~~~~~~[m[K
[01m[K/home/mingtao/sentinel_ros2_ws/sentinel_ros/src/DecodePacket.cpp:8:1:[m[K [01;35m[Kwarning: [m[K  when initialized here [[01;35m[K-Wreorder[m[K]
    8 | [01;35m[KDecodePacket[m[K::DecodePacket(FrameBuffer& frameBuffer, Device& device, size_t frame_total_size)
      | [01;35m[K^~~~~~~~~~~~[m[K
[01m[K/home/mingtao/sentinel_ros2_ws/sentinel_ros/src/DecodePacket.cpp:[m[K In member function ‘[01m[Kvoid DecodePacket::decodeWorker()[m[K’:
[01m[K/home/mingtao/sentinel_ros2_ws/sentinel_ros/src/DecodePacket.cpp:171:23:[m[K [01;35m[Kwarning: [m[Kcomparison of integer expressions of different signedness: ‘[01m[Kint[m[K’ and ‘[01m[Ksize_t[m[K’ {aka ‘[01m[Klong unsigned int[m[K’} [[01;35m[K-Wsign-compare[m[K]
  171 |         while ([01;35m[Koffset < frameLen[m[K){
      |                [01;35m[K~~~~~~~^~~~~~~~~~[m[K
[100%] [32m[1mLinking CXX executable sentinel_node[0m
/usr/bin/ld: warning: libopencv_imgproc.so.4.2, needed by /opt/ros/foxy/lib/libcv_bridge.so, may conflict with libopencv_imgproc.so.406
/usr/bin/ld: warning: libopencv_core.so.4.2, needed by /opt/ros/foxy/lib/libcv_bridge.so, may conflict with libopencv_core.so.406
[100%] Built target sentinel_node
-- Install configuration: ""
-- Execute custom install script
-- Symlinking: /home/mingtao/sentinel_ros2_ws/sentinel_ros/install/sentinel_ros/lib/sentinel_ros/sentinel_node
-- Symlinking: /home/mingtao/sentinel_ros2_ws/sentinel_ros/install/sentinel_ros/share/sentinel_ros//launch/sentinel_launch.py
-- Symlinking: /home/mingtao/sentinel_ros2_ws/sentinel_ros/install/sentinel_ros/share/ament_index/resource_index/package_run_dependencies/sentinel_ros
-- Symlinking: /home/mingtao/sentinel_ros2_ws/sentinel_ros/install/sentinel_ros/share/ament_index/resource_index/parent_prefix_path/sentinel_ros
-- Symlinking: /home/mingtao/sentinel_ros2_ws/sentinel_ros/install/sentinel_ros/share/sentinel_ros/environment/ament_prefix_path.sh
-- Symlinking: /home/mingtao/sentinel_ros2_ws/sentinel_ros/install/sentinel_ros/share/sentinel_ros/environment/ament_prefix_path.dsv
-- Symlinking: /home/mingtao/sentinel_ros2_ws/sentinel_ros/install/sentinel_ros/share/sentinel_ros/environment/path.sh
-- Symlinking: /home/mingtao/sentinel_ros2_ws/sentinel_ros/install/sentinel_ros/share/sentinel_ros/environment/path.dsv
-- Symlinking: /home/mingtao/sentinel_ros2_ws/sentinel_ros/install/sentinel_ros/share/sentinel_ros/local_setup.bash
-- Symlinking: /home/mingtao/sentinel_ros2_ws/sentinel_ros/install/sentinel_ros/share/sentinel_ros/local_setup.sh
-- Symlinking: /home/mingtao/sentinel_ros2_ws/sentinel_ros/install/sentinel_ros/share/sentinel_ros/local_setup.zsh
-- Symlinking: /home/mingtao/sentinel_ros2_ws/sentinel_ros/install/sentinel_ros/share/sentinel_ros/local_setup.dsv
-- Symlinking: /home/mingtao/sentinel_ros2_ws/sentinel_ros/install/sentinel_ros/share/sentinel_ros/package.dsv
-- Symlinking: /home/mingtao/sentinel_ros2_ws/sentinel_ros/install/sentinel_ros/share/ament_index/resource_index/packages/sentinel_ros
-- Symlinking: /home/mingtao/sentinel_ros2_ws/sentinel_ros/install/sentinel_ros/share/sentinel_ros/cmake/sentinel_rosConfig.cmake
-- Symlinking: /home/mingtao/sentinel_ros2_ws/sentinel_ros/install/sentinel_ros/share/sentinel_ros/cmake/sentinel_rosConfig-version.cmake
-- Symlinking: /home/mingtao/sentinel_ros2_ws/sentinel_ros/install/sentinel_ros/share/sentinel_ros/package.xml
