[0.015s] Invoking command in '/home/mingtao/sentinel_ros2_ws/sentinel_ros/build/sentinel_ros': CMAKE_PREFIX_PATH=${CMAKE_PREFIX_PATH}:/home/mingtao/rosbag_ws/install/ros2bag:/opt/ros/foxy /usr/local/bin/cmake /home/mingtao/sentinel_ros2_ws/sentinel_ros -DAMENT_CMAKE_SYMLINK_INSTALL=1 -DCMAKE_INSTALL_PREFIX=/home/mingtao/sentinel_ros2_ws/sentinel_ros/install/sentinel_ros
[0.087s] -- The CXX compiler identification is GNU 9.4.0
[0.112s] -- Detecting CXX compiler ABI info
[0.182s] -- Detecting CXX compiler ABI info - done
[0.190s] -- Check for working CXX compiler: /usr/bin/c++ - skipped
[0.190s] -- Detecting CXX compile features
[0.191s] -- Detecting CXX compile features - done
[0.194s] -- Found ament_cmake: 0.9.12 (/opt/ros/foxy/share/ament_cmake/cmake)
[0.199s] [33mCMake Warning (dev) at /opt/ros/foxy/share/ament_cmake_core/cmake/core/python.cmake:22 (find_package):
[0.199s]   Policy CMP0148 is not set: The FindPythonInterp and FindPythonLibs modules
[0.200s]   are removed.  Run "cmake --help-policy CMP0148" for policy details.  Use
[0.200s]   the cmake_policy command to set the policy and suppress this warning.
[0.200s] 
[0.200s] Call Stack (most recent call first):
[0.200s]   /opt/ros/foxy/share/ament_cmake_core/cmake/core/all.cmake:53 (include)
[0.200s]   /opt/ros/foxy/share/ament_cmake_core/cmake/ament_cmake_core-extras.cmake:17 (include)
[0.200s]   /opt/ros/foxy/share/ament_cmake_core/cmake/ament_cmake_coreConfig.cmake:41 (include)
[0.200s]   /opt/ros/foxy/share/ament_cmake/cmake/ament_cmake_export_dependencies-extras.cmake:15 (find_package)
[0.200s]   /opt/ros/foxy/share/ament_cmake/cmake/ament_cmakeConfig.cmake:41 (include)
[0.200s]   CMakeLists.txt:20 (find_package)
[0.200s] This warning is for project developers.  Use -Wno-dev to suppress it.
[0.200s] [0m
[0.225s] -- Found PythonInterp: /usr/bin/python3 (found suitable version "3.8.10", minimum required is "3") 
[0.225s] -- Using PYTHON_EXECUTABLE: /usr/bin/python3
[0.387s] -- Override CMake install command with custom implementation using symlinks instead of copying resources
[0.436s] -- Found rclcpp: 2.4.3 (/opt/ros/foxy/share/rclcpp/cmake)
[0.496s] -- Using all available rosidl_typesupport_c: rosidl_typesupport_fastrtps_c;rosidl_typesupport_introspection_c
[0.508s] -- Found rosidl_adapter: 1.3.1 (/opt/ros/foxy/share/rosidl_adapter/cmake)
[0.592s] -- Found OpenSSL: /usr/lib/x86_64-linux-gnu/libcrypto.so (found version "1.1.1f")  
[0.618s] -- Found FastRTPS: /opt/ros/foxy/include  
[0.689s] -- Using all available rosidl_typesupport_cpp: rosidl_typesupport_fastrtps_cpp;rosidl_typesupport_introspection_cpp
[0.742s] -- Found rmw_implementation_cmake: 1.0.4 (/opt/ros/foxy/share/rmw_implementation_cmake/cmake)
[0.744s] -- Using RMW implementation 'rmw_fastrtps_cpp' as default
[0.746s] -- Performing Test CMAKE_HAVE_LIBC_PTHREAD
[0.811s] -- Performing Test CMAKE_HAVE_LIBC_PTHREAD - Success
[0.811s] -- Found Threads: TRUE  
[0.927s] -- Found sensor_msgs: 2.0.5 (/opt/ros/foxy/share/sensor_msgs/cmake)
[1.006s] -- Found cv_bridge: 3.0.7 (/opt/ros/foxy/share/cv_bridge/cmake)
[1.009s] [33mCMake Warning (dev) at /usr/local/lib/cmake/opencv4/OpenCVConfig.cmake:86 (find_package):
[1.009s]   Policy CMP0146 is not set: The FindCUDA module is removed.  Run "cmake
[1.009s]   --help-policy CMP0146" for policy details.  Use the cmake_policy command to
[1.009s]   set the policy and suppress this warning.
[1.009s] 
[1.009s] Call Stack (most recent call first):
[1.009s]   /usr/local/lib/cmake/opencv4/OpenCVConfig.cmake:108 (find_host_package)
[1.009s]   /opt/ros/foxy/share/cv_bridge/cmake/ament_cmake_export_dependencies-extras.cmake:21 (find_package)
[1.009s]   /opt/ros/foxy/share/cv_bridge/cmake/cv_bridgeConfig.cmake:41 (include)
[1.009s]   CMakeLists.txt:23 (find_package)
[1.009s] This warning is for project developers.  Use -Wno-dev to suppress it.
[1.009s] [0m
[1.030s] -- Found CUDA: /usr/local/cuda (found suitable exact version "11.8") 
[1.051s] -- Found image_transport: 2.4.0 (/opt/ros/foxy/share/image_transport/cmake)
[1.098s] -- Found OpenCV: /usr/local (found version "4.6.0") 
[1.100s] -- Found PkgConfig: /usr/bin/pkg-config (found version "0.29.1") 
[1.101s] -- Checking for module 'libusb-1.0'
[1.114s] --   Found libusb-1.0, version 1.0.23
[1.209s] -- Configuring done (1.2s)
[1.225s] -- Generating done (0.0s)
[1.229s] -- Build files have been written to: /home/mingtao/sentinel_ros2_ws/sentinel_ros/build/sentinel_ros
[1.235s] Invoked command in '/home/mingtao/sentinel_ros2_ws/sentinel_ros/build/sentinel_ros' returned '0': CMAKE_PREFIX_PATH=${CMAKE_PREFIX_PATH}:/home/mingtao/rosbag_ws/install/ros2bag:/opt/ros/foxy /usr/local/bin/cmake /home/mingtao/sentinel_ros2_ws/sentinel_ros -DAMENT_CMAKE_SYMLINK_INSTALL=1 -DCMAKE_INSTALL_PREFIX=/home/mingtao/sentinel_ros2_ws/sentinel_ros/install/sentinel_ros
[1.239s] Invoking command in '/home/mingtao/sentinel_ros2_ws/sentinel_ros/build/sentinel_ros': CMAKE_PREFIX_PATH=${CMAKE_PREFIX_PATH}:/home/mingtao/rosbag_ws/install/ros2bag:/opt/ros/foxy /usr/local/bin/cmake --build /home/mingtao/sentinel_ros2_ws/sentinel_ros/build/sentinel_ros -- -j32 -l32
[1.260s] [ 20%] [32mBuilding CXX object CMakeFiles/sentinel_node.dir/src/sentinel_node.cpp.o[0m
[1.260s] [ 40%] [32mBuilding CXX object CMakeFiles/sentinel_node.dir/src/DecodePacket.cpp.o[0m
[1.260s] [ 60%] [32mBuilding CXX object CMakeFiles/sentinel_node.dir/src/Device.cpp.o[0m
[1.261s] [ 80%] [32mBuilding CXX object CMakeFiles/sentinel_node.dir/src/FrameBuffer.cpp.o[0m
[1.653s] In file included from [01m[K/home/mingtao/sentinel_ros2_ws/sentinel_ros/src/DecodePacket.cpp:1[m[K:
[1.653s] [01m[K/home/mingtao/sentinel_ros2_ws/sentinel_ros/include/DecodePacket.h:[m[K In constructor ‘[01m[KDecodePacket::DecodePacket(FrameBuffer&, Device&, size_t)[m[K’:
[1.653s] [01m[K/home/mingtao/sentinel_ros2_ws/sentinel_ros/include/DecodePacket.h:163:13:[m[K [01;35m[Kwarning: [m[K‘[01m[KDecodePacket::device_[m[K’ will be initialized after [[01;35m[K-Wreorder[m[K]
[1.653s]   163 |     Device& [01;35m[Kdevice_[m[K;
[1.653s]       |             [01;35m[K^~~~~~~[m[K
[1.653s] [01m[K/home/mingtao/sentinel_ros2_ws/sentinel_ros/include/DecodePacket.h:161:12:[m[K [01;35m[Kwarning: [m[K  ‘[01m[Ksize_t DecodePacket::frame_total_size_[m[K’ [[01;35m[K-Wreorder[m[K]
[1.654s]   161 |     size_t [01;35m[Kframe_total_size_[m[K;
[1.654s]       |            [01;35m[K^~~~~~~~~~~~~~~~~[m[K
[1.654s] [01m[K/home/mingtao/sentinel_ros2_ws/sentinel_ros/src/DecodePacket.cpp:8:1:[m[K [01;35m[Kwarning: [m[K  when initialized here [[01;35m[K-Wreorder[m[K]
[1.654s]     8 | [01;35m[KDecodePacket[m[K::DecodePacket(FrameBuffer& frameBuffer, Device& device, size_t frame_total_size)
[1.654s]       | [01;35m[K^~~~~~~~~~~~[m[K
[1.658s] [01m[K/home/mingtao/sentinel_ros2_ws/sentinel_ros/src/DecodePacket.cpp:[m[K In member function ‘[01m[Kvoid DecodePacket::decodeWorker()[m[K’:
[1.659s] [01m[K/home/mingtao/sentinel_ros2_ws/sentinel_ros/src/DecodePacket.cpp:171:23:[m[K [01;35m[Kwarning: [m[Kcomparison of integer expressions of different signedness: ‘[01m[Kint[m[K’ and ‘[01m[Ksize_t[m[K’ {aka ‘[01m[Klong unsigned int[m[K’} [[01;35m[K-Wsign-compare[m[K]
[1.659s]   171 |         while ([01;35m[Koffset < frameLen[m[K){
[1.659s]       |                [01;35m[K~~~~~~~^~~~~~~~~~[m[K
[6.118s] [100%] [32m[1mLinking CXX executable sentinel_node[0m
[6.490s] /usr/bin/ld: warning: libopencv_imgproc.so.4.2, needed by /opt/ros/foxy/lib/libcv_bridge.so, may conflict with libopencv_imgproc.so.406
[6.491s] /usr/bin/ld: warning: libopencv_core.so.4.2, needed by /opt/ros/foxy/lib/libcv_bridge.so, may conflict with libopencv_core.so.406
[6.498s] [100%] Built target sentinel_node
[6.505s] Invoked command in '/home/mingtao/sentinel_ros2_ws/sentinel_ros/build/sentinel_ros' returned '0': CMAKE_PREFIX_PATH=${CMAKE_PREFIX_PATH}:/home/mingtao/rosbag_ws/install/ros2bag:/opt/ros/foxy /usr/local/bin/cmake --build /home/mingtao/sentinel_ros2_ws/sentinel_ros/build/sentinel_ros -- -j32 -l32
[6.511s] Invoking command in '/home/mingtao/sentinel_ros2_ws/sentinel_ros/build/sentinel_ros': CMAKE_PREFIX_PATH=${CMAKE_PREFIX_PATH}:/home/mingtao/rosbag_ws/install/ros2bag:/opt/ros/foxy /usr/local/bin/cmake --install /home/mingtao/sentinel_ros2_ws/sentinel_ros/build/sentinel_ros
[6.513s] -- Install configuration: ""
[6.513s] -- Execute custom install script
[6.514s] -- Symlinking: /home/mingtao/sentinel_ros2_ws/sentinel_ros/install/sentinel_ros/lib/sentinel_ros/sentinel_node
[6.516s] -- Symlinking: /home/mingtao/sentinel_ros2_ws/sentinel_ros/install/sentinel_ros/share/sentinel_ros//launch/sentinel_launch.py
[6.519s] -- Symlinking: /home/mingtao/sentinel_ros2_ws/sentinel_ros/install/sentinel_ros/share/ament_index/resource_index/package_run_dependencies/sentinel_ros
[6.523s] -- Symlinking: /home/mingtao/sentinel_ros2_ws/sentinel_ros/install/sentinel_ros/share/ament_index/resource_index/parent_prefix_path/sentinel_ros
[6.525s] -- Symlinking: /home/mingtao/sentinel_ros2_ws/sentinel_ros/install/sentinel_ros/share/sentinel_ros/environment/ament_prefix_path.sh
[6.529s] -- Symlinking: /home/mingtao/sentinel_ros2_ws/sentinel_ros/install/sentinel_ros/share/sentinel_ros/environment/ament_prefix_path.dsv
[6.533s] -- Symlinking: /home/mingtao/sentinel_ros2_ws/sentinel_ros/install/sentinel_ros/share/sentinel_ros/environment/path.sh
[6.536s] -- Symlinking: /home/mingtao/sentinel_ros2_ws/sentinel_ros/install/sentinel_ros/share/sentinel_ros/environment/path.dsv
[6.540s] -- Symlinking: /home/mingtao/sentinel_ros2_ws/sentinel_ros/install/sentinel_ros/share/sentinel_ros/local_setup.bash
[6.544s] -- Symlinking: /home/mingtao/sentinel_ros2_ws/sentinel_ros/install/sentinel_ros/share/sentinel_ros/local_setup.sh
[6.550s] -- Symlinking: /home/mingtao/sentinel_ros2_ws/sentinel_ros/install/sentinel_ros/share/sentinel_ros/local_setup.zsh
[6.553s] -- Symlinking: /home/mingtao/sentinel_ros2_ws/sentinel_ros/install/sentinel_ros/share/sentinel_ros/local_setup.dsv
[6.557s] -- Symlinking: /home/mingtao/sentinel_ros2_ws/sentinel_ros/install/sentinel_ros/share/sentinel_ros/package.dsv
[6.561s] -- Symlinking: /home/mingtao/sentinel_ros2_ws/sentinel_ros/install/sentinel_ros/share/ament_index/resource_index/packages/sentinel_ros
[6.565s] -- Symlinking: /home/mingtao/sentinel_ros2_ws/sentinel_ros/install/sentinel_ros/share/sentinel_ros/cmake/sentinel_rosConfig.cmake
[6.567s] -- Symlinking: /home/mingtao/sentinel_ros2_ws/sentinel_ros/install/sentinel_ros/share/sentinel_ros/cmake/sentinel_rosConfig-version.cmake
[6.570s] -- Symlinking: /home/mingtao/sentinel_ros2_ws/sentinel_ros/install/sentinel_ros/share/sentinel_ros/package.xml
[6.575s] Invoked command in '/home/mingtao/sentinel_ros2_ws/sentinel_ros/build/sentinel_ros' returned '0': CMAKE_PREFIX_PATH=${CMAKE_PREFIX_PATH}:/home/mingtao/rosbag_ws/install/ros2bag:/opt/ros/foxy /usr/local/bin/cmake --install /home/mingtao/sentinel_ros2_ws/sentinel_ros/build/sentinel_ros
